{"name": "test_api_task_flow", "status": "failed", "statusDetails": {"message": "AssertionError: assert 4.225635 <= 1.9\n +  where 1.9 = FrameworkConstant.MAX_RESPONSE_TIME_CREATE_TASK", "trace": "def test_api_task_flow():\n        Logger.info(\"Creating task.\")\n        response = HelperClass.create_task(json_payload[\"create_task_payload\"])\n        response_data = response.json()\n        print(response_data)\n        response_time = response.elapsed.total_seconds()\n        print(response_time)\n>       assert response_time <= FrameworkConstant.MAX_RESPONSE_TIME_CREATE_TASK\nE       assert 4.225635 <= 1.9\nE        +  where 1.9 = FrameworkConstant.MAX_RESPONSE_TIME_CREATE_TASK\n\ntests\\test_flow.py:24: AssertionError"}, "attachments": [{"name": "log", "source": "830d55f4-5fa8-44a4-83f8-a4dcb6772101-attachment.txt", "type": "text/plain"}], "start": 1723182496361, "stop": 1723182500577, "uuid": "76dc9c80-62b1-4a32-a8bb-9858d54e667a", "historyId": "f62e4ed8d9c91c04269c2ff00947369f", "testCaseId": "f62e4ed8d9c91c04269c2ff00947369f", "fullName": "tests.test_flow#test_api_task_flow", "labels": [{"name": "parentSuite", "value": "tests"}, {"name": "suite", "value": "test_flow"}, {"name": "host", "value": "D09D9K3"}, {"name": "thread", "value": "23056-MainThread"}, {"name": "framework", "value": "pytest"}, {"name": "language", "value": "cpython3"}, {"name": "package", "value": "tests.test_flow"}]}