Logging is configured.
======================================================= test session starts ========================================================
platform win32 -- Python 3.12.4, pytest-8.3.2, pluggy-1.5.0
rootdir: C:\Users\150194\OneDrive - Arrow Electronics, Inc\Documents\Python\pytest-project
configfile: pytest.ini
plugins: allure-pytest-2.13.5, html-4.1.1, html-reporter-0.2.9, metadata-3.1.1
collected 14 items / 13 deselected / 1 selected

tests/test_flow.py::test_api_task_flow Creating task.

---------------------------------------------------------- live log call -----------------------------------------------------------
2024-08-09 15:41:28 INFO Creating task.
Starting new HTTPS connection (1): todo.pixegami.io:443
https://todo.pixegami.io:443 "PUT /create-task HTTP/11" 200 200
{'task': {'user_id': 'Test User Jaymin', 'content': 'My test content with for Test User New.', 'is_done': False, 'created_time': 1723198288, 'task_id': 'task_4c1f61caea7544c88b384cbf4defbd94', 'ttl': 1723284688}}
1.279557
200
Task created successfully.
2024-08-09 15:41:29 INFO Task created successfully.
Updating task.
2024-08-09 15:41:29 INFO Updating task.
Starting new HTTPS connection (1): todo.pixegami.io:443
https://todo.pixegami.io:443 "PUT /update-task HTTP/11" 200 59
{'updated_task_id': 'task_4c1f61caea7544c88b384cbf4defbd94'}
1.301904
200
Get task with id: task_4c1f61caea7544c88b384cbf4defbd94 and validate if task is updated or not.
2024-08-09 15:41:30 INFO Get task with id: task_4c1f61caea7544c88b384cbf4defbd94 and validate if task is updated or not.
Starting new HTTPS connection (1): todo.pixegami.io:443
https://todo.pixegami.io:443 "GET /get-task/task_4c1f61caea7544c88b384cbf4defbd94 HTTP/11" 200 183
{'content': 'Updated content with json Jaymin', 'is_done': True, 'ttl': 1723284688, 'user_id': 'Test User Jaymin', 'task_id': 'task_4c1f61caea7544c88b384cbf4defbd94', 'created_time': 1723198288}
1.154691
Task updated successfully.
2024-08-09 15:41:31 INFO Task updated successfully.
Deleting task.
2024-08-09 15:41:31 INFO Deleting task.
Starting new HTTPS connection (1): todo.pixegami.io:443
https://todo.pixegami.io:443 "DELETE /delete-task/task_4c1f61caea7544c88b384cbf4defbd94 HTTP/11" 200 59
{'deleted_task_id': 'task_4c1f61caea7544c88b384cbf4defbd94'}
1.217527
200
Task deleted successfully.
2024-08-09 15:41:33 INFO Task deleted successfully.
Validating whether task is deleted or not.
2024-08-09 15:41:33 INFO Validating whether task is deleted or not.
Starting new HTTPS connection (1): todo.pixegami.io:443
https://todo.pixegami.io:443 "GET /get-task/task_4c1f61caea7544c88b384cbf4defbd94 HTTP/11" 404 65
{'detail': 'Task task_4c1f61caea7544c88b384cbf4defbd94 not found'}
1.207846
404
Task deleted and not found.
2024-08-09 15:41:34 INFO Task deleted and not found.
PASSED

================================================= 1 passed, 13 deselected in 6.96s =================================================
