Logging is configured.
======================================================= test session starts ========================================================
platform win32 -- Python 3.12.4, pytest-8.3.2, pluggy-1.5.0
rootdir: C:\Users\150194\OneDrive - Arrow Electronics, Inc\Documents\Python\pytest-project
configfile: pytest.ini
plugins: allure-pytest-2.13.5, html-4.1.1, html-reporter-0.2.9, metadata-3.1.1
collected 14 items

tests/api/test_api_todo_pixegami.py::test_api_get getting response message.

---------------------------------------------------------- live log call -----------------------------------------------------------
2024-08-09 17:46:02 INFO getting response message.
Starting new HTTPS connection (1): todo.pixegami.io:443
https://todo.pixegami.io:443 "GET / HTTP/11" 200 39
{'message': 'Hello World from Todo API'}
1.082375
200
Got response message successfully.
2024-08-09 17:46:03 INFO Got response message successfully.
PASSED
tests/api/test_api_todo_pixegami.py::test_api_put_create_task Starting new HTTPS connection (1): todo.pixegami.io:443
https://todo.pixegami.io:443 "PUT /create-task HTTP/11" 200 192
{'task': {'user_id': 'Test User Jaymin', 'content': 'My test content with json file.', 'is_done': False, 'created_time': 1723205764, 'task_id': 'task_43b27ab971e04b8ca6e6d71ee63440fa', 'ttl': 1723292164}}
1.180428
task_43b27ab971e04b8ca6e6d71ee63440fa
Created new task with id: task_43b27ab971e04b8ca6e6d71ee63440fa

---------------------------------------------------------- live log call -----------------------------------------------------------
2024-08-09 17:46:04 INFO Created new task with id: task_43b27ab971e04b8ca6e6d71ee63440fa
200
New task created successfully.
2024-08-09 17:46:04 INFO New task created successfully.
PASSED
tests/api/test_api_todo_pixegami.py::test_api_put_create_task_invalid_data_type Creating task with invalid data type.

---------------------------------------------------------- live log call -----------------------------------------------------------
2024-08-09 17:46:04 INFO Creating task with invalid data type.
Starting new HTTPS connection (1): todo.pixegami.io:443
https://todo.pixegami.io:443 "PUT /create-task HTTP/11" 422 111
{'detail': [{'loc': ['body', 'is_done'], 'msg': 'value could not be parsed to a boolean', 'type': 'type_error.bool'}]}
0.92052
value could not be parsed to a boolean
422
Task is not created as we have given data with invalid data type.
2024-08-09 17:46:05 INFO Task is not created as we have given data with invalid data type.
PASSED
tests/api/test_api_todo_pixegami.py::test_api_put_create_task_missing_required_field Creating task with missing one of required field.

---------------------------------------------------------- live log call -----------------------------------------------------------
2024-08-09 17:46:05 INFO Creating task with missing one of required field.
Starting new HTTPS connection (1): todo.pixegami.io:443
https://todo.pixegami.io:443 "PUT /create-task HTTP/11" 422 91
{'detail': [{'loc': ['body', 'content'], 'msg': 'field required', 'type': 'value_error.missing'}]}
0.88899
field required
422
Task is not created as one of required field is missing.
2024-08-09 17:46:06 INFO Task is not created as one of required field is missing.
PASSED
tests/api/test_api_todo_pixegami.py::test_api_put_create_task_invalid_creationtime SKIPPED (unconditional skip)
tests/api/test_api_todo_pixegami.py::test_api_get_task_by_id task_43b27ab971e04b8ca6e6d71ee63440fa
Get task by task id: task_43b27ab971e04b8ca6e6d71ee63440fa

---------------------------------------------------------- live log call -----------------------------------------------------------
2024-08-09 17:46:06 INFO Get task by task id: task_43b27ab971e04b8ca6e6d71ee63440fa
Starting new HTTPS connection (1): todo.pixegami.io:443
https://todo.pixegami.io:443 "GET /get-task/task_43b27ab971e04b8ca6e6d71ee63440fa HTTP/11" 200 183
{'is_done': False, 'content': 'My test content with json file.', 'ttl': 1723292164, 'user_id': 'Test User Jaymin', 'task_id': 'task_43b27ab971e04b8ca6e6d71ee63440fa', 'created_time': 1723205764}
1.01949
200
Get task by task id is completed.
2024-08-09 17:46:07 INFO Get task by task id is completed.
PASSED
tests/api/test_api_todo_pixegami.py::test_api_get_task_by_id_not_exist Get task by task id: task_43b27ab971e04b8ca6e6d71ee63440fa57 which is not created.

---------------------------------------------------------- live log call -----------------------------------------------------------
2024-08-09 17:46:07 INFO Get task by task id: task_43b27ab971e04b8ca6e6d71ee63440fa57 which is not created.
Starting new HTTPS connection (1): todo.pixegami.io:443
https://todo.pixegami.io:443 "GET /get-task/task_43b27ab971e04b8ca6e6d71ee63440fa57 HTTP/11" 404 67
{'detail': 'Task task_43b27ab971e04b8ca6e6d71ee63440fa57 not found'}
1.213579
404
Task with specified id, is not found.
2024-08-09 17:46:08 INFO Task with specified id, is not found.
PASSED
tests/api/test_api_todo_pixegami.py::test_api_get_task_by_user_id Get list of tasks associated with specified user id: Test User Jaymin

---------------------------------------------------------- live log call -----------------------------------------------------------
2024-08-09 17:46:08 INFO Get list of tasks associated with specified user id: Test User Jaymin
Starting new HTTPS connection (1): todo.pixegami.io:443
https://todo.pixegami.io:443 "GET /list-tasks/Test%20User%20Jaymin HTTP/11" 200 1892
{'tasks': [{'is_done': False, 'content': 'My test content with json file.', 'ttl': 1723292164, 'user_id': 'Test User Jaymin', 'task_id': 'task_43b27ab971e04b8ca6e6d71ee63440fa', 'created_time': 1723205764}, {'is_done': True, 'content': 'Updated content with json', 'ttl': 1723289389, 'user_id': 'Test User Jaymin', 'task_id': 'task_d8aea999c3bb4dd58e7530dc7d73d454', 'created_time': 1723202989}, {'is_done': True, 'content': 'Updated content with json Jaymin', 'ttl': 1723283177, 'user_id': 'Test User Jaymin', 'task_id': 'task_4f553c5c546b439895586796d59d24f0', 'created_time': 1723196777}, {'is_done': False, 'content': 'My test content with for Test User New.', 'ttl': 1723283159, 'user_id': 'Test User Jaymin', 'task_id': 'task_6bed2aae7c3c482794927b2535ca6e40', 'created_time': 1723196759}, {'is_done': True, 'content': 'Updated content with json Jaymin', 'ttl': 1723282558, 'user_id': 'Test User Jaymin', 'task_id': 'task_5d72c1e7edfc4ce7b8216a7aea09087e', 'created_time': 1723196158}, {'is_done': False, 'content': 'My test content with for Test User New.', 'ttl': 1723282408, 'user_id': 'Test User Jaymin', 'task_id': 'task_2ed80f95af6c41c6abdffd98d61d0242', 'created_time': 1723196008}, {'is_done': False, 'content': 'My test content with for Test User New.', 'ttl': 1723280542, 'user_id': 'Test User Jaymin', 'task_id': 'task_5d6b29211ca24b2ea3e1964abcf86783', 'created_time': 1723194142}, {'is_done': False, 'content': 'My test content with for Test User New.', 'ttl': 1723280120, 'user_id': 'Test User Jaymin', 'task_id': 'task_59a1917c27c545b08e758e5fcbb155f6', 'created_time': 1723193720}, {'is_done': False, 'content': 'My test content with for Test User New.', 'ttl': 1723279069, 'user_id': 'Test User Jaymin', 'task_id': 'task_54484b330278469f889791327276fe20', 'created_time': 1723192669}, {'is_done': False, 'content': 'My test content with for Test User New.', 'ttl': 1723278686, 'user_id': 'Test User Jaymin', 'task_id': 'task_2f0327b9512c44698545caa7de794190', 'created_time': 1723192286}]}
1.410758
200
Get list of task with specified user id is completed.
2024-08-09 17:46:10 INFO Get list of task with specified user id is completed.
PASSED
tests/api/test_api_todo_pixegami.py::test_api_update_task Update task with id: task_43b27ab971e04b8ca6e6d71ee63440fa

---------------------------------------------------------- live log call -----------------------------------------------------------
2024-08-09 17:46:10 INFO Update task with id: task_43b27ab971e04b8ca6e6d71ee63440fa
Starting new HTTPS connection (1): todo.pixegami.io:443
https://todo.pixegami.io:443 "PUT /update-task HTTP/11" 200 59
{'updated_task_id': 'task_43b27ab971e04b8ca6e6d71ee63440fa'}
1.175814
200
Get task with id: task_43b27ab971e04b8ca6e6d71ee63440fa and validate if task is updated or not.
2024-08-09 17:46:11 INFO Get task with id: task_43b27ab971e04b8ca6e6d71ee63440fa and validate if task is updated or not.
Starting new HTTPS connection (1): todo.pixegami.io:443
https://todo.pixegami.io:443 "GET /get-task/task_43b27ab971e04b8ca6e6d71ee63440fa HTTP/11" 200 176
{'content': 'Updated content with json', 'is_done': True, 'ttl': 1723292164, 'user_id': 'Test User Jaymin', 'task_id': 'task_43b27ab971e04b8ca6e6d71ee63440fa', 'created_time': 1723205764}
0.906466
Task is updated with the new parameters.
2024-08-09 17:46:12 INFO Task is updated with the new parameters.
PASSED
tests/api/test_api_todo_pixegami.py::test_api_update_task_missing_required_field Update task with missing required field 'content'.

---------------------------------------------------------- live log call -----------------------------------------------------------
2024-08-09 17:46:12 INFO Update task with missing required field 'content'.
Starting new HTTPS connection (1): todo.pixegami.io:443
https://todo.pixegami.io:443 "PUT /update-task HTTP/11" 422 91
{'detail': [{'loc': ['body', 'content'], 'msg': 'field required', 'type': 'value_error.missing'}]}
0.552209
Validate task is updated or not as required field is missing.
2024-08-09 17:46:13 INFO Validate task is updated or not as required field is missing.
422
field required
Task is not updated as required field is missing.
2024-08-09 17:46:13 INFO Task is not updated as required field is missing.
PASSED
tests/api/test_api_todo_pixegami.py::test_api_update_task_creation_time SKIPPED (unconditional skip)
tests/api/test_api_todo_pixegami.py::test_api_del_task_by_id Delete task with id: task_51ca180c0d1a4686bf652fb00efc4e56

---------------------------------------------------------- live log call -----------------------------------------------------------
2024-08-09 17:46:13 INFO Delete task with id: task_51ca180c0d1a4686bf652fb00efc4e56
Starting new HTTPS connection (1): todo.pixegami.io:443
https://todo.pixegami.io:443 "DELETE /delete-task/task_51ca180c0d1a4686bf652fb00efc4e56 HTTP/11" 200 59
{'deleted_task_id': 'task_51ca180c0d1a4686bf652fb00efc4e56'}
1.388148
200
Get task and validate whether it is deleted or not.
2024-08-09 17:46:14 INFO Get task and validate whether it is deleted or not.
Starting new HTTPS connection (1): todo.pixegami.io:443
https://todo.pixegami.io:443 "GET /get-task/task_51ca180c0d1a4686bf652fb00efc4e56 HTTP/11" 404 65
{'detail': 'Task task_51ca180c0d1a4686bf652fb00efc4e56 not found'}
1.093441
404
Task deleted successfully
2024-08-09 17:46:15 INFO Task deleted successfully
PASSED
tests/api/test_api_todo_pixegami.py::test_api_del_task_by_missing_id Delete task without id.

---------------------------------------------------------- live log call -----------------------------------------------------------
2024-08-09 17:46:15 INFO Delete task without id.
Starting new HTTPS connection (1): todo.pixegami.io:443
https://todo.pixegami.io:443 "DELETE /delete-task/ HTTP/11" 404 22
{'detail': 'Not Found'}
0.843369
404
Task not found.
2024-08-09 17:46:16 INFO Task not found.
PASSED
tests/test_flow.py::test_api_task_flow Creating task.

---------------------------------------------------------- live log call -----------------------------------------------------------
2024-08-09 17:46:16 INFO Creating task.
Starting new HTTPS connection (1): todo.pixegami.io:443
https://todo.pixegami.io:443 "PUT /create-task HTTP/11" 200 200
{'task': {'user_id': 'Test User Jaymin', 'content': 'My test content with for Test User New.', 'is_done': False, 'created_time': 1723205777, 'task_id': 'task_d2cbe56341604572bf986abe50f6ad19', 'ttl': 1723292177}}
1.140325
200
Task created successfully.
2024-08-09 17:46:17 INFO Task created successfully.
Updating task.
2024-08-09 17:46:17 INFO Updating task.
Starting new HTTPS connection (1): todo.pixegami.io:443
https://todo.pixegami.io:443 "PUT /update-task HTTP/11" 200 59
{'updated_task_id': 'task_d2cbe56341604572bf986abe50f6ad19'}
1.047862
200
Get task with id: task_d2cbe56341604572bf986abe50f6ad19 and validate if task is updated or not.
2024-08-09 17:46:18 INFO Get task with id: task_d2cbe56341604572bf986abe50f6ad19 and validate if task is updated or not.
Starting new HTTPS connection (1): todo.pixegami.io:443
https://todo.pixegami.io:443 "GET /get-task/task_d2cbe56341604572bf986abe50f6ad19 HTTP/11" 200 183
{'content': 'Updated content with json Jaymin', 'is_done': True, 'ttl': 1723292177, 'user_id': 'Test User Jaymin', 'task_id': 'task_d2cbe56341604572bf986abe50f6ad19', 'created_time': 1723205777}
0.995222
Task updated successfully.
2024-08-09 17:46:19 INFO Task updated successfully.
Deleting task.
2024-08-09 17:46:19 INFO Deleting task.
Starting new HTTPS connection (1): todo.pixegami.io:443
https://todo.pixegami.io:443 "DELETE /delete-task/task_d2cbe56341604572bf986abe50f6ad19 HTTP/11" 200 59
{'deleted_task_id': 'task_d2cbe56341604572bf986abe50f6ad19'}
1.127338
200
Task deleted successfully.
2024-08-09 17:46:20 INFO Task deleted successfully.
Validating whether task is deleted or not.
2024-08-09 17:46:20 INFO Validating whether task is deleted or not.
Starting new HTTPS connection (1): todo.pixegami.io:443
https://todo.pixegami.io:443 "GET /get-task/task_d2cbe56341604572bf986abe50f6ad19 HTTP/11" 404 65
{'detail': 'Task task_d2cbe56341604572bf986abe50f6ad19 not found'}
1.087379
404
Task deleted and not found.
2024-08-09 17:46:21 INFO Task deleted and not found.
PASSED

================================================== 12 passed, 2 skipped in 20.80s ==================================================
