Logging is configured.
======================================================= test session starts ========================================================
platform win32 -- Python 3.12.4, pytest-8.3.2, pluggy-1.5.0
rootdir: C:\Users\150194\OneDrive - Arrow Electronics, Inc\Documents\Python\pytest-project
configfile: pytest.ini
plugins: html-4.1.1, html-reporter-0.2.9, metadata-3.1.1
collected 9 items

tests/api/test_api_todo_pixegami.py::test_api_get getting response message

---------------------------------------------------------- live log call -----------------------------------------------------------
2024-08-07 23:36:06 INFO getting response message
Starting new HTTPS connection (1): todo.pixegami.io:443
https://todo.pixegami.io:443 "GET / HTTP/11" 200 39
PASSED                                                                                                                        [ 11%]
tests/api/test_api_todo_pixegami.py::test_api_put_create_task Starting new HTTPS connection (1): todo.pixegami.io:443
https://todo.pixegami.io:443 "PUT /create-task HTTP/11" 200 187
Created new task with id: task_697aa861301e4ee1ab559d03d412326f

---------------------------------------------------------- live log call -----------------------------------------------------------
2024-08-07 23:36:08 INFO Created new task with id: task_697aa861301e4ee1ab559d03d412326f
PASSED                                                                                                                        [ 22%]
tests/api/test_api_todo_pixegami.py::test_api_put_create_task_invalid_data_type Creating task with invalid data type.

---------------------------------------------------------- live log call -----------------------------------------------------------
2024-08-07 23:36:08 INFO Creating task with invalid data type.
Starting new HTTPS connection (1): todo.pixegami.io:443
https://todo.pixegami.io:443 "PUT /create-task HTTP/11" 422 111
PASSED                                                                                                                        [ 33%]
tests/api/test_api_todo_pixegami.py::test_api_put_create_task_missing_required_field Creating task with missing one of required field.

---------------------------------------------------------- live log call -----------------------------------------------------------
2024-08-07 23:36:09 INFO Creating task with missing one of required field.
Starting new HTTPS connection (1): todo.pixegami.io:443
https://todo.pixegami.io:443 "PUT /create-task HTTP/11" 422 91
PASSED                                                                                                                        [ 44%]
tests/api/test_api_todo_pixegami.py::test_api_put_create_task_invalid_creationtime SKIPPED (unconditional skip)               [ 55%]
tests/api/test_api_todo_pixegami.py::test_api_get_task_by_id Get task by task id: task_697aa861301e4ee1ab559d03d412326f

---------------------------------------------------------- live log call -----------------------------------------------------------
2024-08-07 23:36:10 INFO Get task by task id: task_697aa861301e4ee1ab559d03d412326f
Starting new HTTPS connection (1): todo.pixegami.io:443
https://todo.pixegami.io:443 "GET /get-task/task_697aa861301e4ee1ab559d03d412326f HTTP/11" 200 178
PASSED                                                                                                                        [ 66%]
tests/api/test_api_todo_pixegami.py::test_api_get_task_by_user_id Get task by user id: Test User 1

---------------------------------------------------------- live log call -----------------------------------------------------------
2024-08-07 23:36:14 INFO Get task by user id: Test User 1
Starting new HTTPS connection (1): todo.pixegami.io:443
https://todo.pixegami.io:443 "GET /list-tasks/Test%20User%201 HTTP/11" 200 1040
FAILED                                                                                                                        [ 77%]
tests/api/test_api_todo_pixegami.py::test_api_update_task Update task with id: task_697aa861301e4ee1ab559d03d412326f

---------------------------------------------------------- live log call -----------------------------------------------------------
2024-08-07 23:36:16 INFO Update task with id: task_697aa861301e4ee1ab559d03d412326f
Starting new HTTPS connection (1): todo.pixegami.io:443
https://todo.pixegami.io:443 "PUT /update-task HTTP/11" 200 31
Get task with id: task_id 5 and validate update task
2024-08-07 23:36:17 INFO Get task with id: task_id 5 and validate update task
Starting new HTTPS connection (1): todo.pixegami.io:443
https://todo.pixegami.io:443 "GET /get-task/task_id%205 HTTP/11" 200 76
PASSED                                                                                                                        [ 88%]
tests/api/test_api_todo_pixegami.py::test_api_del_task_by_id Delete task with id: task_697aa861301e4ee1ab559d03d412326f

---------------------------------------------------------- live log call -----------------------------------------------------------
2024-08-07 23:36:18 INFO Delete task with id: task_697aa861301e4ee1ab559d03d412326f
Starting new HTTPS connection (1): todo.pixegami.io:443
https://todo.pixegami.io:443 "DELETE /delete-task/task_697aa861301e4ee1ab559d03d412326f HTTP/11" 200 59
Validate task is deleted or not.
2024-08-07 23:36:19 INFO Validate task is deleted or not.
Starting new HTTPS connection (1): todo.pixegami.io:443
https://todo.pixegami.io:443 "GET /get-task/task_697aa861301e4ee1ab559d03d412326f HTTP/11" 404 65
PASSED                                                                                                                        [100%]

============================================================= FAILURES =============================================================
___________________________________________________ test_api_get_task_by_user_id ___________________________________________________

    def test_api_get_task_by_user_id():
        user_id = "Test User 1"
        Logger.info("Get task by user id: "+user_id)
        response = requests.get(EndpointConstant.ENDPOINT_GET_TASKS_USERID.format(user_id))
        response_data = response.json()
        print(response_data)
    
        status_code = response.status_code
        print(status_code)
>       assert FrameworkConstant.STATUS_CODE_SUCCESS == 300
E       assert 200 == 300
E        +  where 200 = FrameworkConstant.STATUS_CODE_SUCCESS

tests\api\test_api_todo_pixegami.py:124: AssertionError
------------------------------------------------------- Captured stdout call -------------------------------------------------------
{'tasks': [{'is_done': False, 'content': 'My test content with json file.', 'ttl': 1723140368, 'user_id': 'Test User 1', 'task_id': 'task_697aa861301e4ee1ab559d03d412326f', 'created_time': 1723053968}, {'is_done': False, 'content': 'My test content.', 'ttl': 1723120810, 'user_id': 'Test User 1', 'task_id': 'task_c937175d045e4564ae4e0eb2e33e28da', 'created_time': 1723034410}, {'is_done': False, 'content': 'My test content.', 'ttl': 1723117717, 'user_id': 'Test User 1', 'task_id': 'task_883165fcf2854406b47d17dcaf34ea55', 'created_time': 1723031317}, {'is_done': False, 'content': 'My test content with json file.', 'ttl': 1723117711, 'user_id': 'Test User 1', 'task_id': 'task_37bea58ba4764126bf703e9286961b3c', 'created_time': 1723031311}, {'is_done': False, 'content': 'My test content.', 'ttl': 1723117594, 'user_id': 'Test User 1', 'task_id': 'task_af356dfedc9a45b6bd47ce99055ae4fa', 'created_time': 1723031194}, {'is_done': False, 'content': 'My test content with json file.', 'ttl': 1723117589, 'user_id': 'Test User 1', 'task_id': 'task_c193cfca7e2c463ab74c0ccaba1a56db', 'created_time': 1723031189}]}
200
-------------------------------------------------------- Captured log call ---------------------------------------------------------
2024-08-07 23:36:14 INFO Get task by user id: Test User 1
===================================================== short test summary info ======================================================
FAILED tests/api/test_api_todo_pixegami.py::test_api_get_task_by_user_id - assert 200 == 300
============================================= 1 failed, 7 passed, 1 skipped in 14.67s ==============================================
