Logging is configured.
======================================================= test session starts ========================================================
platform win32 -- Python 3.12.4, pytest-8.3.2, pluggy-1.5.0
rootdir: C:\Users\150194\OneDrive - Arrow Electronics, Inc\Documents\Python\pytest-project
configfile: pytest.ini
plugins: allure-pytest-2.13.5, html-4.1.1, html-reporter-0.2.9, metadata-3.1.1
collected 13 items

tests/api/test_api_todo_pixegami.py::test_api_get getting response message

---------------------------------------------------------- live log call -----------------------------------------------------------
2024-08-08 15:50:58 INFO getting response message
Starting new HTTPS connection (1): todo.pixegami.io:443
https://todo.pixegami.io:443 "GET / HTTP/11" 200 39
PASSED                                                                                                                        [  7%]
tests/api/test_api_todo_pixegami.py::test_api_put_create_task Starting new HTTPS connection (1): todo.pixegami.io:443
https://todo.pixegami.io:443 "PUT /create-task HTTP/11" 200 187
Created new task with id: task_6c571bfcdaea45b5badc67eca0a6ec6b

---------------------------------------------------------- live log call -----------------------------------------------------------
2024-08-08 15:51:03 INFO Created new task with id: task_6c571bfcdaea45b5badc67eca0a6ec6b
PASSED                                                                                                                        [ 15%]
tests/api/test_api_todo_pixegami.py::test_api_put_create_task_invalid_data_type Creating task with invalid data type.

---------------------------------------------------------- live log call -----------------------------------------------------------
2024-08-08 15:51:03 INFO Creating task with invalid data type.
Starting new HTTPS connection (1): todo.pixegami.io:443
https://todo.pixegami.io:443 "PUT /create-task HTTP/11" 422 111
PASSED                                                                                                                        [ 23%]
tests/api/test_api_todo_pixegami.py::test_api_put_create_task_missing_required_field Creating task with missing one of required field.

---------------------------------------------------------- live log call -----------------------------------------------------------
2024-08-08 15:51:04 INFO Creating task with missing one of required field.
Starting new HTTPS connection (1): todo.pixegami.io:443
https://todo.pixegami.io:443 "PUT /create-task HTTP/11" 422 91
PASSED                                                                                                                        [ 30%]
tests/api/test_api_todo_pixegami.py::test_api_put_create_task_invalid_creationtime SKIPPED (unconditional skip)               [ 38%]
tests/api/test_api_todo_pixegami.py::test_api_get_task_by_id Get task by task id: task_6c571bfcdaea45b5badc67eca0a6ec6b

---------------------------------------------------------- live log call -----------------------------------------------------------
2024-08-08 15:51:05 INFO Get task by task id: task_6c571bfcdaea45b5badc67eca0a6ec6b
Starting new HTTPS connection (1): todo.pixegami.io:443
https://todo.pixegami.io:443 "GET /get-task/task_6c571bfcdaea45b5badc67eca0a6ec6b HTTP/11" 200 178
PASSED                                                                                                                        [ 46%]
tests/api/test_api_todo_pixegami.py::test_api_get_task_by_id_not_exist Get task by task id: task_6c571bfcdaea45b5badc67eca0a6ec6b63 which is not created.

---------------------------------------------------------- live log call -----------------------------------------------------------
2024-08-08 15:51:06 INFO Get task by task id: task_6c571bfcdaea45b5badc67eca0a6ec6b63 which is not created.
Starting new HTTPS connection (1): todo.pixegami.io:443
https://todo.pixegami.io:443 "GET /get-task/task_6c571bfcdaea45b5badc67eca0a6ec6b63 HTTP/11" 404 67
PASSED                                                                                                                        [ 53%]
tests/api/test_api_todo_pixegami.py::test_api_get_task_by_user_id Get task by user id: Test User 1

---------------------------------------------------------- live log call -----------------------------------------------------------
2024-08-08 15:51:08 INFO Get task by user id: Test User 1
Starting new HTTPS connection (1): todo.pixegami.io:443
https://todo.pixegami.io:443 "GET /list-tasks/Test%20User%201 HTTP/11" 200 1219
PASSED                                                                                                                        [ 61%]
tests/api/test_api_todo_pixegami.py::test_api_update_task Update task with id: task_6c571bfcdaea45b5badc67eca0a6ec6b

---------------------------------------------------------- live log call -----------------------------------------------------------
2024-08-08 15:51:09 INFO Update task with id: task_6c571bfcdaea45b5badc67eca0a6ec6b
Starting new HTTPS connection (1): todo.pixegami.io:443
https://todo.pixegami.io:443 "PUT /update-task HTTP/11" 200 31
Get task with id: task_id 5 and validate update task
2024-08-08 15:51:10 INFO Get task with id: task_id 5 and validate update task
Starting new HTTPS connection (1): todo.pixegami.io:443
https://todo.pixegami.io:443 "GET /get-task/task_id%205 HTTP/11" 200 76
PASSED                                                                                                                        [ 69%]
tests/api/test_api_todo_pixegami.py::test_api_update_task_missing_required_field Update task with missing required field 'content'

---------------------------------------------------------- live log call -----------------------------------------------------------
2024-08-08 15:51:11 INFO Update task with missing required field 'content'
Starting new HTTPS connection (1): todo.pixegami.io:443
https://todo.pixegami.io:443 "PUT /update-task HTTP/11" 422 91
PASSED                                                                                                                        [ 76%]
tests/api/test_api_todo_pixegami.py::test_api_update_task_creation_time SKIPPED (unconditional skip)                          [ 84%]
tests/api/test_api_todo_pixegami.py::test_api_del_task_by_id Delete task with id: task_6c571bfcdaea45b5badc67eca0a6ec6b

---------------------------------------------------------- live log call -----------------------------------------------------------
2024-08-08 15:51:12 INFO Delete task with id: task_6c571bfcdaea45b5badc67eca0a6ec6b
Starting new HTTPS connection (1): todo.pixegami.io:443
https://todo.pixegami.io:443 "DELETE /delete-task/task_6c571bfcdaea45b5badc67eca0a6ec6b HTTP/11" 200 59
Validate task is deleted or not.
2024-08-08 15:51:13 INFO Validate task is deleted or not.
Starting new HTTPS connection (1): todo.pixegami.io:443
https://todo.pixegami.io:443 "GET /get-task/task_6c571bfcdaea45b5badc67eca0a6ec6b HTTP/11" 404 65
PASSED                                                                                                                        [ 92%]
tests/api/test_api_todo_pixegami.py::test_api_del_task_by_missing_id Delete task without id

---------------------------------------------------------- live log call -----------------------------------------------------------
2024-08-08 15:51:14 INFO Delete task without id
Starting new HTTPS connection (1): todo.pixegami.io:443
https://todo.pixegami.io:443 "DELETE /delete-task/ HTTP/11" 404 22
PASSED                                                                                                                        [100%]

================================================== 11 passed, 2 skipped in 17.51s ==================================================
