Logging is configured.
======================================================= test session starts ========================================================
platform win32 -- Python 3.12.4, pytest-8.3.2, pluggy-1.5.0
rootdir: C:\Users\150194\OneDrive - Arrow Electronics, Inc\Documents\Python\pytest-project
configfile: pytest.ini
plugins: allure-pytest-2.13.5, html-4.1.1, html-reporter-0.2.9, metadata-3.1.1
collected 14 items / 13 deselected / 1 selected

tests/test_flow.py::test_api_task_flow Creating task.

---------------------------------------------------------- live log call -----------------------------------------------------------
2024-08-09 15:18:05 INFO Creating task.
Starting new HTTPS connection (1): todo.pixegami.io:443
https://todo.pixegami.io:443 "PUT /create-task HTTP/11" 200 200
{'task': {'user_id': 'Test User Jaymin', 'content': 'My test content with for Test User New.', 'is_done': False, 'created_time': 1723196886, 'task_id': 'task_5014ea6c4cff40b8af06cd39ee26dd96', 'ttl': 1723283286}}
1.241216
200
Task created successfully.
2024-08-09 15:18:06 INFO Task created successfully.
Updating task.
2024-08-09 15:18:06 INFO Updating task.
Starting new HTTPS connection (1): todo.pixegami.io:443
https://todo.pixegami.io:443 "PUT /update-task HTTP/11" 200 59
{'updated_task_id': 'task_5014ea6c4cff40b8af06cd39ee26dd96'}
1.226844
200
Get task with id: task_5014ea6c4cff40b8af06cd39ee26dd96 and validate if task is updated or not.
2024-08-09 15:18:08 INFO Get task with id: task_5014ea6c4cff40b8af06cd39ee26dd96 and validate if task is updated or not.
Starting new HTTPS connection (1): todo.pixegami.io:443
https://todo.pixegami.io:443 "GET /get-task/task_5014ea6c4cff40b8af06cd39ee26dd96 HTTP/11" 200 183
{'content': 'Updated content with json Jaymin', 'is_done': True, 'ttl': 1723283286, 'user_id': 'Test User Jaymin', 'task_id': 'task_5014ea6c4cff40b8af06cd39ee26dd96', 'created_time': 1723196886}
1.09687
Task updated successfully.
2024-08-09 15:18:09 INFO Task updated successfully.
Deleting task.
2024-08-09 15:18:09 INFO Deleting task.
Starting new HTTPS connection (1): todo.pixegami.io:443
https://todo.pixegami.io:443 "DELETE /delete-task/task_5014ea6c4cff40b8af06cd39ee26dd96 HTTP/11" 200 59
{'deleted_task_id': 'task_5014ea6c4cff40b8af06cd39ee26dd96'}
1.252
200
Task deleted successfully.
2024-08-09 15:18:10 INFO Task deleted successfully.
Validating whether task is deleted or not.
2024-08-09 15:18:10 INFO Validating whether task is deleted or not.
Starting new HTTPS connection (1): todo.pixegami.io:443
https://todo.pixegami.io:443 "GET /get-task/task_5014ea6c4cff40b8af06cd39ee26dd96 HTTP/11" 404 65
{'detail': 'Task task_5014ea6c4cff40b8af06cd39ee26dd96 not found'}
1.253776
404
Task deleted and not found.
2024-08-09 15:18:11 INFO Task deleted and not found.
PASSED

================================================= 1 passed, 13 deselected in 6.73s =================================================
