Logging is configured.
======================================================= test session starts ========================================================
platform win32 -- Python 3.12.4, pytest-8.3.2, pluggy-1.5.0
rootdir: C:\Users\150194\OneDrive - Arrow Electronics, Inc\Documents\Python\pytest-project
configfile: pytest.ini
plugins: allure-pytest-2.13.5, html-4.1.1, html-reporter-0.2.9, metadata-3.1.1
collected 14 items / 13 deselected / 1 selected

tests/test_flow.py::test_api_task_flow Creating task.

---------------------------------------------------------- live log call -----------------------------------------------------------
2024-08-09 11:05:46 INFO Creating task.
Starting new HTTPS connection (1): todo.pixegami.io:443
https://todo.pixegami.io:443 "PUT /create-task HTTP/11" 200 197
{'task': {'user_id': 'Test User New', 'content': 'My test content with for Test User New.', 'is_done': False, 'created_time': 1723181747, 'task_id': 'task_709dfb20ac2949a7b17e72c09a13d47d', 'ttl': 1723268147}}
1.101506
200
Task created successfully.
2024-08-09 11:05:48 INFO Task created successfully.
Updating task.
2024-08-09 11:05:48 INFO Updating task.
Starting new HTTPS connection (1): todo.pixegami.io:443
https://todo.pixegami.io:443 "PUT /update-task HTTP/11" 200 59
{'updated_task_id': 'task_709dfb20ac2949a7b17e72c09a13d47d'}
1.055195
200
Task updated successfully.
2024-08-09 11:05:49 INFO Task updated successfully.
Deleting task.
2024-08-09 11:05:49 INFO Deleting task.
Starting new HTTPS connection (1): todo.pixegami.io:443
https://todo.pixegami.io:443 "DELETE /delete-task/task_709dfb20ac2949a7b17e72c09a13d47d HTTP/11" 200 59
{'deleted_task_id': 'task_709dfb20ac2949a7b17e72c09a13d47d'}
1.03076
200
Task deleted successfully.
2024-08-09 11:05:50 INFO Task deleted successfully.
Validating whether task is deleted or not.
2024-08-09 11:05:50 INFO Validating whether task is deleted or not.
Starting new HTTPS connection (1): todo.pixegami.io:443
https://todo.pixegami.io:443 "GET /get-task/task_709dfb20ac2949a7b17e72c09a13d47d HTTP/11" 404 65
{'detail': 'Task task_709dfb20ac2949a7b17e72c09a13d47d not found'}
1.073089
404
Task deleted and not found.
2024-08-09 11:05:51 INFO Task deleted and not found.
PASSED

================================================= 1 passed, 13 deselected in 4.95s =================================================
