Logging is configured.
================================================== test session starts ===================================================
platform win32 -- Python 3.12.4, pytest-8.3.2, pluggy-1.5.0
rootdir: C:\Users\150194\OneDrive - Arrow Electronics, Inc\Documents\Python\pytest-project
configfile: pytest.ini
plugins: html-4.1.1, metadata-3.1.1
collected 6 items

tests/api/test_api_todo_pixegami.py::test_api_get getting response message

----------------------------------------------------- live log call ------------------------------------------------------
2024-08-07 10:57:31 INFO getting response message
Starting new HTTPS connection (1): todo.pixegami.io:443
https://todo.pixegami.io:443 "GET / HTTP/11" 200 39
{'message': 'Hello World from Todo API'}
200
PASSED
tests/api/test_api_todo_pixegami.py::test_api_put_create_task Starting new HTTPS connection (1): todo.pixegami.io:443
https://todo.pixegami.io:443 "PUT /create-task HTTP/11" 200 172
{'task': {'user_id': 'Test User 1', 'content': 'My test content.', 'is_done': False, 'created_time': 1723008453, 'task_id': 'task_24b87e2ef6cd42b990a252430256004d', 'ttl': 1723094853}}
task_24b87e2ef6cd42b990a252430256004d
Creating new task with id: task_24b87e2ef6cd42b990a252430256004d

----------------------------------------------------- live log call ------------------------------------------------------
2024-08-07 10:57:33 INFO Creating new task with id: task_24b87e2ef6cd42b990a252430256004d
200
PASSED
tests/api/test_api_todo_pixegami.py::test_api_get_task_by_id task_24b87e2ef6cd42b990a252430256004d
Get task by task id: task_24b87e2ef6cd42b990a252430256004d

----------------------------------------------------- live log call ------------------------------------------------------
2024-08-07 10:57:33 INFO Get task by task id: task_24b87e2ef6cd42b990a252430256004d
Starting new HTTPS connection (1): todo.pixegami.io:443
https://todo.pixegami.io:443 "GET /get-task/task_24b87e2ef6cd42b990a252430256004d HTTP/11" 200 163
{'is_done': False, 'content': 'My test content.', 'ttl': 1723094853, 'user_id': 'Test User 1', 'task_id': 'task_24b87e2ef6cd42b990a252430256004d', 'created_time': 1723008453}
200
PASSED
tests/api/test_api_todo_pixegami.py::test_api_get_task_by_user_id Get task by user id: Test User 1

----------------------------------------------------- live log call ------------------------------------------------------
2024-08-07 10:57:35 INFO Get task by user id: Test User 1
Starting new HTTPS connection (1): todo.pixegami.io:443
https://todo.pixegami.io:443 "GET /list-tasks/Test%20User%201 HTTP/11" 200 175
{'tasks': [{'is_done': False, 'content': 'My test content.', 'ttl': 1723094853, 'user_id': 'Test User 1', 'task_id': 'task_24b87e2ef6cd42b990a252430256004d', 'created_time': 1723008453}]}
200
PASSED
tests/api/test_api_todo_pixegami.py::test_api_update_task Update task with id: task_24b87e2ef6cd42b990a252430256004d

----------------------------------------------------- live log call ------------------------------------------------------
2024-08-07 10:57:36 INFO Update task with id: task_24b87e2ef6cd42b990a252430256004d
Starting new HTTPS connection (1): todo.pixegami.io:443
https://todo.pixegami.io:443 "PUT /update-task HTTP/11" 200 59
{'updated_task_id': 'task_24b87e2ef6cd42b990a252430256004d'}
Get task with id: task_24b87e2ef6cd42b990a252430256004d and validate update task
2024-08-07 10:57:36 INFO Get task with id: task_24b87e2ef6cd42b990a252430256004d and validate update task
Starting new HTTPS connection (1): todo.pixegami.io:443
https://todo.pixegami.io:443 "GET /get-task/task_24b87e2ef6cd42b990a252430256004d HTTP/11" 200 161
{'content': 'Updated content', 'is_done': True, 'ttl': 1723094853, 'user_id': 'Test User 1', 'task_id': 'task_24b87e2ef6cd42b990a252430256004d', 'created_time': 1723008453}
200
PASSED
tests/api/test_api_todo_pixegami.py::test_api_del_task_by_id Delete task with id: task_24b87e2ef6cd42b990a252430256004d

----------------------------------------------------- live log call ------------------------------------------------------
2024-08-07 10:57:38 INFO Delete task with id: task_24b87e2ef6cd42b990a252430256004d
Starting new HTTPS connection (1): todo.pixegami.io:443
https://todo.pixegami.io:443 "DELETE /delete-task/task_24b87e2ef6cd42b990a252430256004d HTTP/11" 200 59
{'deleted_task_id': 'task_24b87e2ef6cd42b990a252430256004d'}
200
PASSED

- Generated html report: file:///C:/Users/150194/OneDrive%20-%20Arrow%20Electronics%2C%20Inc/Documents/Python/pytest-project/reports/report.html -
=================================================== 6 passed in 7.97s ====================================================
